{
  "success": false,
  "error": "Traceback (most recent call last):\n  File \"/home/hq/.local/lib/python3.6/site-packages/crytic_compile/platform/solc.py\", line 370, in get_version\n    cmd, stdout=subprocess.PIPE, stderr=subprocess.PIPE, env=env\n  File \"/usr/lib/python3.6/subprocess.py\", line 729, in __init__\n    restore_signals, start_new_session)\n  File \"/usr/lib/python3.6/subprocess.py\", line 1364, in _execute_child\n    raise child_exception_type(errno_num, err_msg, err_filename)\nFileNotFoundError: [Errno 2] No such file or directory: '/usr/bin/solc-v0.5.0': '/usr/bin/solc-v0.5.0'\n\nDuring handling of the above exception, another exception occurred:\n\nTraceback (most recent call last):\n  File \"/home/hq/.local/lib/python3.6/site-packages/slither/__main__.py\", line 743, in main_impl\n    ) = process_all(filename, args, detector_classes, printer_classes)\n  File \"/home/hq/.local/lib/python3.6/site-packages/slither/__main__.py\", line 73, in process_all\n    compilations = compile_all(target, **vars(args))\n  File \"/home/hq/.local/lib/python3.6/site-packages/crytic_compile/crytic_compile.py\", line 637, in compile_all\n    compilations.append(CryticCompile(target, **kwargs))\n  File \"/home/hq/.local/lib/python3.6/site-packages/crytic_compile/crytic_compile.py\", line 117, in __init__\n    self._compile(**kwargs)\n  File \"/home/hq/.local/lib/python3.6/site-packages/crytic_compile/crytic_compile.py\", line 548, in _compile\n    self._platform.compile(self, **kwargs)\n  File \"/home/hq/.local/lib/python3.6/site-packages/crytic_compile/platform/solc.py\", line 153, in compile\n    targets_json = _get_targets_json(compilation_unit, self._target, **kwargs)\n  File \"/home/hq/.local/lib/python3.6/site-packages/crytic_compile/platform/solc.py\", line 283, in _get_targets_json\n    force_legacy_json=force_legacy_json,\n  File \"/home/hq/.local/lib/python3.6/site-packages/crytic_compile/platform/solc.py\", line 471, in _run_solc\n    compiler=\"solc\", version=get_version(solc, env), optimized=is_optimized(solc_arguments)\n  File \"/home/hq/.local/lib/python3.6/site-packages/crytic_compile/platform/solc.py\", line 380, in get_version\n    raise InvalidCompilation(error)\ncrytic_compile.platform.exceptions.InvalidCompilation: [Errno 2] No such file or directory: '/usr/bin/solc-v0.5.0': '/usr/bin/solc-v0.5.0'\n",
  "results": {}
}